#
# A fatal error has been detected by the Java Runtime Environment:
#
#  EXCEPTION_ACCESS_VIOLATION (0xc0000005) at pc=0x00007ffef132b6d9, pid=15760, tid=8460
#
# JRE version: Java(TM) SE Runtime Environment (11.0.1+13) (build 11.0.1+13-LTS)
# Java VM: Java HotSpot(TM) 64-Bit Server VM (11.0.1+13-LTS, mixed mode, tiered, compressed oops, g1 gc, windows-amd64)
# Problematic frame:
# V  [jvm.dll+0x25b6d9]
#
# No core dump will be written. Minidumps are not enabled by default on client versions of Windows
#
# If you would like to submit a bug report, please visit:
#   http://bugreport.java.com/bugreport/crash.jsp
#

---------------  S U M M A R Y ------------

Command Line: -agentlib:jdwp=transport=dt_socket,address=127.0.0.1:52847,suspend=y,server=n -javaagent:C:\Users\YUNFEN~1\AppData\Local\Temp\captureAgent765jars\debugger-agent.jar=file:/C:/Users/YUNFEN~1/AppData/Local/Temp/capture.props -Dfile.encoding=UTF-8 ClientMain

Host: Intel(R) Core(TM) i7-8700K CPU @ 3.70GHz, 12 cores, 15G,  Windows 10 , 64 bit Build 17134 (10.0.17134.1)
Time: Wed Oct 31 11:46:32 2018 Pacific Daylight Time elapsed time: 72 seconds (0d 0h 1m 12s)

---------------  T H R E A D  ---------------

Current thread (0x00000256f5afa000):  VMThread "VM Thread" [stack: 0x0000005ebb500000,0x0000005ebb600000] [id=8460]

Stack: [0x0000005ebb500000,0x0000005ebb600000],  sp=0x0000005ebb5fee58,  free space=1019k
Native frames: (J=compiled Java code, j=interpreted, Vv=VM code, C=native code)
V  [jvm.dll+0x25b6d9]


siginfo: EXCEPTION_ACCESS_VIOLATION (0xc0000005), reading address 0x00000256f62412c0


Register to memory mapping:

RIP=0x00007ffef132b6d9 jvm.dll
RAX=0x0000000000194060 is an unknown value
RBX=0x00000256f60ab2a8 is pointing into metadata
RCX=0x00000256f60ad260 is pointing into metadata
RDX=0x000000000000ca02 is an unknown value
RSP=0x0000005ebb5fee58 points into unknown readable memory
RBP=0x0000005ebb5ff3d0 points into unknown readable memory
RSI=0x0000005ebb5ff540 points into unknown readable memory
RDI=0x0000005ebb5ff540 points into unknown readable memory
R8 =0x0 is NULL
R9 =0x00000256f60ab2a8 is pointing into metadata
R10=0x0 is NULL
R11=0x0000000047000000 is an unknown value
R12=0x00000256f5ab3800 points into unknown readable memory
R13=0x0 is NULL
R14=0x00000256f60ac46c is pointing into metadata
R15=0x000000000000004d is an unknown value


Registers:
RAX=0x0000000000194060, RBX=0x00000256f60ab2a8, RCX=0x00000256f60ad260, RDX=0x000000000000ca02
RSP=0x0000005ebb5fee58, RBP=0x0000005ebb5ff3d0, RSI=0x0000005ebb5ff540, RDI=0x0000005ebb5ff540
R8 =0x0000000000000000, R9 =0x00000256f60ab2a8, R10=0x0000000000000000, R11=0x0000000047000000
R12=0x00000256f5ab3800, R13=0x0000000000000000, R14=0x00000256f60ac46c, R15=0x000000000000004d
RIP=0x00007ffef132b6d9, EFLAGS=0x0000000000010206

Top of Stack: (sp=0x0000005ebb5fee58)
0x0000005ebb5fee58:   00007ffef132b75e 0000005ebb5feec0
0x0000005ebb5fee68:   0000000000000000 0000000000000000
0x0000005ebb5fee78:   00007ffef17901eb 0000000000000000
0x0000005ebb5fee88:   00007ffef1414720 0000000000000000
0x0000005ebb5fee98:   0000005ebb5ff540 0000005ebb5ff470
0x0000005ebb5feea8:   00007ffef178f9aa 0000005ebb5fef10
0x0000005ebb5feeb8:   0000000000000000 00007ffef1965c08
0x0000005ebb5feec8:   00000256f5a5d1b0 0000000000000002
0x0000005ebb5feed8:   00007ffe0000000c 0000005ebb5fef00
0x0000005ebb5feee8:   0000005e00000001 0000000046000027
0x0000005ebb5feef8:   0000005ebb5ff508 000000004fffffff
0x0000005ebb5fef08:   00007fff230d5dc6 0000005ebb5ff0a0
0x0000005ebb5fef18:   0000000000000000 0000005ebb5ff0c8
0x0000005ebb5fef28:   000000000000000c 0000000000000002
0x0000005ebb5fef38:   00007fff230d6525 0000005ebb5ff0a0
0x0000005ebb5fef48:   00007ffef17901eb 000081ba21646ea3 

Instructions: (pc=0x00007ffef132b6d9)
0x00007ffef132b6b9:   c2 48 ff c0 48 c1 e0 05 48 8b 04 08 0f b7 c8 41
0x00007ffef132b6c9:   0f b7 44 c9 42 c3 48 63 c2 48 ff c0 48 c1 e0 05
0x00007ffef132b6d9:   48 8b 04 08 0f b7 d0 48 63 c2 41 0f b7 44 c1 42
0x00007ffef132b6e9:   c3 49 8b 41 08 48 63 ca 0f b6 44 01 04 3c 12 74 


VM_Operation (0x0000005ebbfff0f0): GetOrSetLocal, mode: safepoint, requested by thread 0x00000256f6605000


---------------  P R O C E S S  ---------------

Threads class SMR info:
_java_thread_list=0x00000256f682cdd0, length=13, elements={
0x00000256d1d52800, 0x00000256f5afc000, 0x00000256f63aa000, 0x00000256f640a800,
0x00000256f640b800, 0x00000256f640d000, 0x00000256f63b8800, 0x00000256f63ba800,
0x00000256f657c000, 0x00000256f6605000, 0x00000256f65ea800, 0x00000256f66a6800,
0x00000256f6922800
}

Java Threads: ( => current thread )
  0x00000256d1d52800 JavaThread "main" [_thread_blocked, id=10216, stack(0x0000005ebaf00000,0x0000005ebb000000)]
  0x00000256f5afc000 JavaThread "Reference Handler" daemon [_thread_blocked, id=7396, stack(0x0000005ebb600000,0x0000005ebb700000)]
  0x00000256f63aa000 JavaThread "Finalizer" daemon [_thread_blocked, id=8188, stack(0x0000005ebb700000,0x0000005ebb800000)]
  0x00000256f640a800 JavaThread "Signal Dispatcher" daemon [_thread_blocked, id=16156, stack(0x0000005ebb800000,0x0000005ebb900000)]
  0x00000256f640b800 JavaThread "Attach Listener" daemon [_thread_blocked, id=20080, stack(0x0000005ebb900000,0x0000005ebba00000)]
  0x00000256f640d000 JavaThread "C2 CompilerThread0" daemon [_thread_blocked, id=14624, stack(0x0000005ebba00000,0x0000005ebbb00000)]
  0x00000256f63b8800 JavaThread "C1 CompilerThread0" daemon [_thread_blocked, id=8584, stack(0x0000005ebbb00000,0x0000005ebbc00000)]
  0x00000256f63ba800 JavaThread "Sweeper thread" daemon [_thread_blocked, id=15452, stack(0x0000005ebbc00000,0x0000005ebbd00000)]
  0x00000256f657c000 JavaThread "Common-Cleaner" daemon [_thread_blocked, id=16896, stack(0x0000005ebbd00000,0x0000005ebbe00000)]
  0x00000256f6605000 JavaThread "JDWP Transport Listener: dt_socket" daemon [_thread_blocked, id=19296, stack(0x0000005ebbf00000,0x0000005ebc000000)] _threads_hazard_ptr=0x00000256f682cdd0
  0x00000256f65ea800 JavaThread "JDWP Event Helper Thread" daemon [_thread_blocked, id=18720, stack(0x0000005ebc000000,0x0000005ebc100000)]
  0x00000256f66a6800 JavaThread "JDWP Command Reader" daemon [_thread_in_native, id=20600, stack(0x0000005ebc100000,0x0000005ebc200000)]
  0x00000256f6922800 JavaThread "Service Thread" daemon [_thread_blocked, id=12824, stack(0x0000005ebc200000,0x0000005ebc300000)]

Other Threads:
=>0x00000256f5afa000 VMThread "VM Thread" [stack: 0x0000005ebb500000,0x0000005ebb600000] [id=8460]
  0x00000256f69a1000 WatcherThread [stack: 0x0000005ebc300000,0x0000005ebc400000] [id=21076]
  0x00000256d1d6b000 GCTaskThread "GC Thread#0" [stack: 0x0000005ebb000000,0x0000005ebb100000] [id=2548]
  0x00000256d1dc3000 ConcurrentGCThread "G1 Main Marker" [stack: 0x0000005ebb100000,0x0000005ebb200000] [id=10612]
  0x00000256d1dc4800 ConcurrentGCThread "G1 Conc#0" [stack: 0x0000005ebb200000,0x0000005ebb300000] [id=14024]
  0x00000256f59cf000 ConcurrentGCThread "G1 Refine#0" [stack: 0x0000005ebb300000,0x0000005ebb400000] [id=1944]
  0x00000256f59d0800 ConcurrentGCThread "G1 Young RemSet Sampling" [stack: 0x0000005ebb400000,0x0000005ebb500000] [id=17368]

Threads with active compile tasks:

VM state:at safepoint (normal execution)

VM Mutex/Monitor currently owned by a thread:  ([mutex/lock_event])
[0x00000256d1d509e0] Threads_lock - owner thread: 0x00000256f5afa000

Heap address: 0x0000000701200000, size: 4078 MB, Compressed Oops mode: Zero based, Oop shift amount: 3
Narrow klass base: 0x0000000800000000, Narrow klass shift: 0
Compressed class space size: 1073741824 Address: 0x0000000800000000

Heap:
 garbage-first heap   total 262144K, used 4096K [0x0000000701200000, 0x0000000800000000)
  region size 1024K, 5 young (5120K), 0 survivors (0K)
 Metaspace       used 6684K, capacity 6853K, committed 7040K, reserved 1056768K
  class space    used 572K, capacity 640K, committed 640K, reserved 1048576K
Heap Regions: E=young(eden), S=young(survivor), O=old, HS=humongous(starts), HC=humongous(continues), CS=collection set, F=free, A=archive, TAMS=top-at-mark-start (previous, next)
|   0|0x0000000701200000, 0x0000000701200000, 0x0000000701300000|  0%| F|  |TAMS 0x0000000701200000, 0x0000000701200000| Untracked 
|   1|0x0000000701300000, 0x0000000701300000, 0x0000000701400000|  0%| F|  |TAMS 0x0000000701300000, 0x0000000701300000| Untracked 
|   2|0x0000000701400000, 0x0000000701400000, 0x0000000701500000|  0%| F|  |TAMS 0x0000000701400000, 0x0000000701400000| Untracked 
|   3|0x0000000701500000, 0x0000000701500000, 0x0000000701600000|  0%| F|  |TAMS 0x0000000701500000, 0x0000000701500000| Untracked 
|   4|0x0000000701600000, 0x0000000701600000, 0x0000000701700000|  0%| F|  |TAMS 0x0000000701600000, 0x0000000701600000| Untracked 
|   5|0x0000000701700000, 0x0000000701700000, 0x0000000701800000|  0%| F|  |TAMS 0x0000000701700000, 0x0000000701700000| Untracked 
|   6|0x0000000701800000, 0x0000000701800000, 0x0000000701900000|  0%| F|  |TAMS 0x0000000701800000, 0x0000000701800000| Untracked 
|   7|0x0000000701900000, 0x0000000701900000, 0x0000000701a00000|  0%| F|  |TAMS 0x0000000701900000, 0x0000000701900000| Untracked 
|   8|0x0000000701a00000, 0x0000000701a00000, 0x0000000701b00000|  0%| F|  |TAMS 0x0000000701a00000, 0x0000000701a00000| Untracked 
|   9|0x0000000701b00000, 0x0000000701b00000, 0x0000000701c00000|  0%| F|  |TAMS 0x0000000701b00000, 0x0000000701b00000| Untracked 
|  10|0x0000000701c00000, 0x0000000701c00000, 0x0000000701d00000|  0%| F|  |TAMS 0x0000000701c00000, 0x0000000701c00000| Untracked 
|  11|0x0000000701d00000, 0x0000000701d00000, 0x0000000701e00000|  0%| F|  |TAMS 0x0000000701d00000, 0x0000000701d00000| Untracked 
|  12|0x0000000701e00000, 0x0000000701e00000, 0x0000000701f00000|  0%| F|  |TAMS 0x0000000701e00000, 0x0000000701e00000| Untracked 
|  13|0x0000000701f00000, 0x0000000701f00000, 0x0000000702000000|  0%| F|  |TAMS 0x0000000701f00000, 0x0000000701f00000| Untracked 
|  14|0x0000000702000000, 0x0000000702000000, 0x0000000702100000|  0%| F|  |TAMS 0x0000000702000000, 0x0000000702000000| Untracked 
|  15|0x0000000702100000, 0x0000000702100000, 0x0000000702200000|  0%| F|  |TAMS 0x0000000702100000, 0x0000000702100000| Untracked 
|  16|0x0000000702200000, 0x0000000702200000, 0x0000000702300000|  0%| F|  |TAMS 0x0000000702200000, 0x0000000702200000| Untracked 
|  17|0x0000000702300000, 0x0000000702300000, 0x0000000702400000|  0%| F|  |TAMS 0x0000000702300000, 0x0000000702300000| Untracked 
|  18|0x0000000702400000, 0x0000000702400000, 0x0000000702500000|  0%| F|  |TAMS 0x0000000702400000, 0x0000000702400000| Untracked 
|  19|0x0000000702500000, 0x0000000702500000, 0x0000000702600000|  0%| F|  |TAMS 0x0000000702500000, 0x0000000702500000| Untracked 
|  20|0x0000000702600000, 0x0000000702600000, 0x0000000702700000|  0%| F|  |TAMS 0x0000000702600000, 0x0000000702600000| Untracked 
|  21|0x0000000702700000, 0x0000000702700000, 0x0000000702800000|  0%| F|  |TAMS 0x0000000702700000, 0x0000000702700000| Untracked 
|  22|0x0000000702800000, 0x0000000702800000, 0x0000000702900000|  0%| F|  |TAMS 0x0000000702800000, 0x0000000702800000| Untracked 
|  23|0x0000000702900000, 0x0000000702900000, 0x0000000702a00000|  0%| F|  |TAMS 0x0000000702900000, 0x0000000702900000| Untracked 
|  24|0x0000000702a00000, 0x0000000702a00000, 0x0000000702b00000|  0%| F|  |TAMS 0x0000000702a00000, 0x0000000702a00000| Untracked 
|  25|0x0000000702b00000, 0x0000000702b00000, 0x0000000702c00000|  0%| F|  |TAMS 0x0000000702b00000, 0x0000000702b00000| Untracked 
|  26|0x0000000702c00000, 0x0000000702c00000, 0x0000000702d00000|  0%| F|  |TAMS 0x0000000702c00000, 0x0000000702c00000| Untracked 
|  27|0x0000000702d00000, 0x0000000702d00000, 0x0000000702e00000|  0%| F|  |TAMS 0x0000000702d00000, 0x0000000702d00000| Untracked 
|  28|0x0000000702e00000, 0x0000000702e00000, 0x0000000702f00000|  0%| F|  |TAMS 0x0000000702e00000, 0x0000000702e00000| Untracked 
|  29|0x0000000702f00000, 0x0000000702f00000, 0x0000000703000000|  0%| F|  |TAMS 0x0000000702f00000, 0x0000000702f00000| Untracked 
|  30|0x0000000703000000, 0x0000000703000000, 0x0000000703100000|  0%| F|  |TAMS 0x0000000703000000, 0x0000000703000000| Untracked 
|  31|0x0000000703100000, 0x0000000703100000, 0x0000000703200000|  0%| F|  |TAMS 0x0000000703100000, 0x0000000703100000| Untracked 
|  32|0x0000000703200000, 0x0000000703200000, 0x0000000703300000|  0%| F|  |TAMS 0x0000000703200000, 0x0000000703200000| Untracked 
|  33|0x0000000703300000, 0x0000000703300000, 0x0000000703400000|  0%| F|  |TAMS 0x0000000703300000, 0x0000000703300000| Untracked 
|  34|0x0000000703400000, 0x0000000703400000, 0x0000000703500000|  0%| F|  |TAMS 0x0000000703400000, 0x0000000703400000| Untracked 
|  35|0x0000000703500000, 0x0000000703500000, 0x0000000703600000|  0%| F|  |TAMS 0x0000000703500000, 0x0000000703500000| Untracked 
|  36|0x0000000703600000, 0x0000000703600000, 0x0000000703700000|  0%| F|  |TAMS 0x0000000703600000, 0x0000000703600000| Untracked 
|  37|0x0000000703700000, 0x0000000703700000, 0x0000000703800000|  0%| F|  |TAMS 0x0000000703700000, 0x0000000703700000| Untracked 
|  38|0x0000000703800000, 0x0000000703800000, 0x0000000703900000|  0%| F|  |TAMS 0x0000000703800000, 0x0000000703800000| Untracked 
|  39|0x0000000703900000, 0x0000000703900000, 0x0000000703a00000|  0%| F|  |TAMS 0x0000000703900000, 0x0000000703900000| Untracked 
|  40|0x0000000703a00000, 0x0000000703a00000, 0x0000000703b00000|  0%| F|  |TAMS 0x0000000703a00000, 0x0000000703a00000| Untracked 
|  41|0x0000000703b00000, 0x0000000703b00000, 0x0000000703c00000|  0%| F|  |TAMS 0x0000000703b00000, 0x0000000703b00000| Untracked 
|  42|0x0000000703c00000, 0x0000000703c00000, 0x0000000703d00000|  0%| F|  |TAMS 0x0000000703c00000, 0x0000000703c00000| Untracked 
|  43|0x0000000703d00000, 0x0000000703d00000, 0x0000000703e00000|  0%| F|  |TAMS 0x0000000703d00000, 0x0000000703d00000| Untracked 
|  44|0x0000000703e00000, 0x0000000703e00000, 0x0000000703f00000|  0%| F|  |TAMS 0x0000000703e00000, 0x0000000703e00000| Untracked 
|  45|0x0000000703f00000, 0x0000000703f00000, 0x0000000704000000|  0%| F|  |TAMS 0x0000000703f00000, 0x0000000703f00000| Untracked 
|  46|0x0000000704000000, 0x0000000704000000, 0x0000000704100000|  0%| F|  |TAMS 0x0000000704000000, 0x0000000704000000| Untracked 
|  47|0x0000000704100000, 0x0000000704100000, 0x0000000704200000|  0%| F|  |TAMS 0x0000000704100000, 0x0000000704100000| Untracked 
|  48|0x0000000704200000, 0x0000000704200000, 0x0000000704300000|  0%| F|  |TAMS 0x0000000704200000, 0x0000000704200000| Untracked 
|  49|0x0000000704300000, 0x0000000704300000, 0x0000000704400000|  0%| F|  |TAMS 0x0000000704300000, 0x0000000704300000| Untracked 
|  50|0x0000000704400000, 0x0000000704400000, 0x0000000704500000|  0%| F|  |TAMS 0x0000000704400000, 0x0000000704400000| Untracked 
|  51|0x0000000704500000, 0x0000000704500000, 0x0000000704600000|  0%| F|  |TAMS 0x0000000704500000, 0x0000000704500000| Untracked 
|  52|0x0000000704600000, 0x0000000704600000, 0x0000000704700000|  0%| F|  |TAMS 0x0000000704600000, 0x0000000704600000| Untracked 
|  53|0x0000000704700000, 0x0000000704700000, 0x0000000704800000|  0%| F|  |TAMS 0x0000000704700000, 0x0000000704700000| Untracked 
|  54|0x0000000704800000, 0x0000000704800000, 0x0000000704900000|  0%| F|  |TAMS 0x0000000704800000, 0x0000000704800000| Untracked 
|  55|0x0000000704900000, 0x0000000704900000, 0x0000000704a00000|  0%| F|  |TAMS 0x0000000704900000, 0x0000000704900000| Untracked 
|  56|0x0000000704a00000, 0x0000000704a00000, 0x0000000704b00000|  0%| F|  |TAMS 0x0000000704a00000, 0x0000000704a00000| Untracked 
|  57|0x0000000704b00000, 0x0000000704b00000, 0x0000000704c00000|  0%| F|  |TAMS 0x0000000704b00000, 0x0000000704b00000| Untracked 
|  58|0x0000000704c00000, 0x0000000704c00000, 0x0000000704d00000|  0%| F|  |TAMS 0x0000000704c00000, 0x0000000704c00000| Untracked 
|  59|0x0000000704d00000, 0x0000000704d00000, 0x0000000704e00000|  0%| F|  |TAMS 0x0000000704d00000, 0x0000000704d00000| Untracked 
|  60|0x0000000704e00000, 0x0000000704e00000, 0x0000000704f00000|  0%| F|  |TAMS 0x0000000704e00000, 0x0000000704e00000| Untracked 
|  61|0x0000000704f00000, 0x0000000704f00000, 0x0000000705000000|  0%| F|  |TAMS 0x0000000704f00000, 0x0000000704f00000| Untracked 
|  62|0x0000000705000000, 0x0000000705000000, 0x0000000705100000|  0%| F|  |TAMS 0x0000000705000000, 0x0000000705000000| Untracked 
|  63|0x0000000705100000, 0x0000000705100000, 0x0000000705200000|  0%| F|  |TAMS 0x0000000705100000, 0x0000000705100000| Untracked 
|  64|0x0000000705200000, 0x0000000705200000, 0x0000000705300000|  0%| F|  |TAMS 0x0000000705200000, 0x0000000705200000| Untracked 
|  65|0x0000000705300000, 0x0000000705300000, 0x0000000705400000|  0%| F|  |TAMS 0x0000000705300000, 0x0000000705300000| Untracked 
|  66|0x0000000705400000, 0x0000000705400000, 0x0000000705500000|  0%| F|  |TAMS 0x0000000705400000, 0x0000000705400000| Untracked 
|  67|0x0000000705500000, 0x0000000705500000, 0x0000000705600000|  0%| F|  |TAMS 0x0000000705500000, 0x0000000705500000| Untracked 
|  68|0x0000000705600000, 0x0000000705600000, 0x0000000705700000|  0%| F|  |TAMS 0x0000000705600000, 0x0000000705600000| Untracked 
|  69|0x0000000705700000, 0x0000000705700000, 0x0000000705800000|  0%| F|  |TAMS 0x0000000705700000, 0x0000000705700000| Untracked 
|  70|0x0000000705800000, 0x0000000705800000, 0x0000000705900000|  0%| F|  |TAMS 0x0000000705800000, 0x0000000705800000| Untracked 
|  71|0x0000000705900000, 0x0000000705900000, 0x0000000705a00000|  0%| F|  |TAMS 0x0000000705900000, 0x0000000705900000| Untracked 
|  72|0x0000000705a00000, 0x0000000705a00000, 0x0000000705b00000|  0%| F|  |TAMS 0x0000000705a00000, 0x0000000705a00000| Untracked 
|  73|0x0000000705b00000, 0x0000000705b00000, 0x0000000705c00000|  0%| F|  |TAMS 0x0000000705b00000, 0x0000000705b00000| Untracked 
|  74|0x0000000705c00000, 0x0000000705c00000, 0x0000000705d00000|  0%| F|  |TAMS 0x0000000705c00000, 0x0000000705c00000| Untracked 
|  75|0x0000000705d00000, 0x0000000705d00000, 0x0000000705e00000|  0%| F|  |TAMS 0x0000000705d00000, 0x0000000705d00000| Untracked 
|  76|0x0000000705e00000, 0x0000000705e00000, 0x0000000705f00000|  0%| F|  |TAMS 0x0000000705e00000, 0x0000000705e00000| Untracked 
|  77|0x0000000705f00000, 0x0000000705f00000, 0x0000000706000000|  0%| F|  |TAMS 0x0000000705f00000, 0x0000000705f00000| Untracked 
|  78|0x0000000706000000, 0x0000000706000000, 0x0000000706100000|  0%| F|  |TAMS 0x0000000706000000, 0x0000000706000000| Untracked 
|  79|0x0000000706100000, 0x0000000706100000, 0x0000000706200000|  0%| F|  |TAMS 0x0000000706100000, 0x0000000706100000| Untracked 
|  80|0x0000000706200000, 0x0000000706200000, 0x0000000706300000|  0%| F|  |TAMS 0x0000000706200000, 0x0000000706200000| Untracked 
|  81|0x0000000706300000, 0x0000000706300000, 0x0000000706400000|  0%| F|  |TAMS 0x0000000706300000, 0x0000000706300000| Untracked 
|  82|0x0000000706400000, 0x0000000706400000, 0x0000000706500000|  0%| F|  |TAMS 0x0000000706400000, 0x0000000706400000| Untracked 
|  83|0x0000000706500000, 0x0000000706500000, 0x0000000706600000|  0%| F|  |TAMS 0x0000000706500000, 0x0000000706500000| Untracked 
|  84|0x0000000706600000, 0x0000000706600000, 0x0000000706700000|  0%| F|  |TAMS 0x0000000706600000, 0x0000000706600000| Untracked 
|  85|0x0000000706700000, 0x0000000706700000, 0x0000000706800000|  0%| F|  |TAMS 0x0000000706700000, 0x0000000706700000| Untracked 
|  86|0x0000000706800000, 0x0000000706800000, 0x0000000706900000|  0%| F|  |TAMS 0x0000000706800000, 0x0000000706800000| Untracked 
|  87|0x0000000706900000, 0x0000000706900000, 0x0000000706a00000|  0%| F|  |TAMS 0x0000000706900000, 0x0000000706900000| Untracked 
|  88|0x0000000706a00000, 0x0000000706a00000, 0x0000000706b00000|  0%| F|  |TAMS 0x0000000706a00000, 0x0000000706a00000| Untracked 
|  89|0x0000000706b00000, 0x0000000706b00000, 0x0000000706c00000|  0%| F|  |TAMS 0x0000000706b00000, 0x0000000706b00000| Untracked 
|  90|0x0000000706c00000, 0x0000000706c00000, 0x0000000706d00000|  0%| F|  |TAMS 0x0000000706c00000, 0x0000000706c00000| Untracked 
|  91|0x0000000706d00000, 0x0000000706d00000, 0x0000000706e00000|  0%| F|  |TAMS 0x0000000706d00000, 0x0000000706d00000| Untracked 
|  92|0x0000000706e00000, 0x0000000706e00000, 0x0000000706f00000|  0%| F|  |TAMS 0x0000000706e00000, 0x0000000706e00000| Untracked 
|  93|0x0000000706f00000, 0x0000000706f00000, 0x0000000707000000|  0%| F|  |TAMS 0x0000000706f00000, 0x0000000706f00000| Untracked 
|  94|0x0000000707000000, 0x0000000707000000, 0x0000000707100000|  0%| F|  |TAMS 0x0000000707000000, 0x0000000707000000| Untracked 
|  95|0x0000000707100000, 0x0000000707100000, 0x0000000707200000|  0%| F|  |TAMS 0x0000000707100000, 0x0000000707100000| Untracked 
|  96|0x0000000707200000, 0x0000000707200000, 0x0000000707300000|  0%| F|  |TAMS 0x0000000707200000, 0x0000000707200000| Untracked 
|  97|0x0000000707300000, 0x0000000707300000, 0x0000000707400000|  0%| F|  |TAMS 0x0000000707300000, 0x0000000707300000| Untracked 
|  98|0x0000000707400000, 0x0000000707400000, 0x0000000707500000|  0%| F|  |TAMS 0x0000000707400000, 0x0000000707400000| Untracked 
|  99|0x0000000707500000, 0x0000000707500000, 0x0000000707600000|  0%| F|  |TAMS 0x0000000707500000, 0x0000000707500000| Untracked 
| 100|0x0000000707600000, 0x0000000707600000, 0x0000000707700000|  0%| F|  |TAMS 0x0000000707600000, 0x0000000707600000| Untracked 
| 101|0x0000000707700000, 0x0000000707700000, 0x0000000707800000|  0%| F|  |TAMS 0x0000000707700000, 0x0000000707700000| Untracked 
| 102|0x0000000707800000, 0x0000000707800000, 0x0000000707900000|  0%| F|  |TAMS 0x0000000707800000, 0x0000000707800000| Untracked 
| 103|0x0000000707900000, 0x0000000707900000, 0x0000000707a00000|  0%| F|  |TAMS 0x0000000707900000, 0x0000000707900000| Untracked 
| 104|0x0000000707a00000, 0x0000000707a00000, 0x0000000707b00000|  0%| F|  |TAMS 0x0000000707a00000, 0x0000000707a00000| Untracked 
| 105|0x0000000707b00000, 0x0000000707b00000, 0x0000000707c00000|  0%| F|  |TAMS 0x0000000707b00000, 0x0000000707b00000| Untracked 
| 106|0x0000000707c00000, 0x0000000707c00000, 0x0000000707d00000|  0%| F|  |TAMS 0x0000000707c00000, 0x0000000707c00000| Untracked 
| 107|0x0000000707d00000, 0x0000000707d00000, 0x0000000707e00000|  0%| F|  |TAMS 0x0000000707d00000, 0x0000000707d00000| Untracked 
| 108|0x0000000707e00000, 0x0000000707e00000, 0x0000000707f00000|  0%| F|  |TAMS 0x0000000707e00000, 0x0000000707e00000| Untracked 
| 109|0x0000000707f00000, 0x0000000707f00000, 0x0000000708000000|  0%| F|  |TAMS 0x0000000707f00000, 0x0000000707f00000| Untracked 
| 110|0x0000000708000000, 0x0000000708000000, 0x0000000708100000|  0%| F|  |TAMS 0x0000000708000000, 0x0000000708000000| Untracked 
| 111|0x0000000708100000, 0x0000000708100000, 0x0000000708200000|  0%| F|  |TAMS 0x0000000708100000, 0x0000000708100000| Untracked 
| 112|0x0000000708200000, 0x0000000708200000, 0x0000000708300000|  0%| F|  |TAMS 0x0000000708200000, 0x0000000708200000| Untracked 
| 113|0x0000000708300000, 0x0000000708300000, 0x0000000708400000|  0%| F|  |TAMS 0x0000000708300000, 0x0000000708300000| Untracked 
| 114|0x0000000708400000, 0x0000000708400000, 0x0000000708500000|  0%| F|  |TAMS 0x0000000708400000, 0x0000000708400000| Untracked 
| 115|0x0000000708500000, 0x0000000708500000, 0x0000000708600000|  0%| F|  |TAMS 0x0000000708500000, 0x0000000708500000| Untracked 
| 116|0x0000000708600000, 0x0000000708600000, 0x0000000708700000|  0%| F|  |TAMS 0x0000000708600000, 0x0000000708600000| Untracked 
| 117|0x0000000708700000, 0x0000000708700000, 0x0000000708800000|  0%| F|  |TAMS 0x0000000708700000, 0x0000000708700000| Untracked 
| 118|0x0000000708800000, 0x0000000708800000, 0x0000000708900000|  0%| F|  |TAMS 0x0000000708800000, 0x0000000708800000| Untracked 
| 119|0x0000000708900000, 0x0000000708900000, 0x0000000708a00000|  0%| F|  |TAMS 0x0000000708900000, 0x0000000708900000| Untracked 
| 120|0x0000000708a00000, 0x0000000708a00000, 0x0000000708b00000|  0%| F|  |TAMS 0x0000000708a00000, 0x0000000708a00000| Untracked 
| 121|0x0000000708b00000, 0x0000000708b00000, 0x0000000708c00000|  0%| F|  |TAMS 0x0000000708b00000, 0x0000000708b00000| Untracked 
| 122|0x0000000708c00000, 0x0000000708c00000, 0x0000000708d00000|  0%| F|  |TAMS 0x0000000708c00000, 0x0000000708c00000| Untracked 
| 123|0x0000000708d00000, 0x0000000708d00000, 0x0000000708e00000|  0%| F|  |TAMS 0x0000000708d00000, 0x0000000708d00000| Untracked 
| 124|0x0000000708e00000, 0x0000000708e00000, 0x0000000708f00000|  0%| F|  |TAMS 0x0000000708e00000, 0x0000000708e00000| Untracked 
| 125|0x0000000708f00000, 0x0000000708f00000, 0x0000000709000000|  0%| F|  |TAMS 0x0000000708f00000, 0x0000000708f00000| Untracked 
| 126|0x0000000709000000, 0x0000000709000000, 0x0000000709100000|  0%| F|  |TAMS 0x0000000709000000, 0x0000000709000000| Untracked 
| 127|0x0000000709100000, 0x0000000709100000, 0x0000000709200000|  0%| F|  |TAMS 0x0000000709100000, 0x0000000709100000| Untracked 
| 128|0x0000000709200000, 0x0000000709200000, 0x0000000709300000|  0%| F|  |TAMS 0x0000000709200000, 0x0000000709200000| Untracked 
| 129|0x0000000709300000, 0x0000000709300000, 0x0000000709400000|  0%| F|  |TAMS 0x0000000709300000, 0x0000000709300000| Untracked 
| 130|0x0000000709400000, 0x0000000709400000, 0x0000000709500000|  0%| F|  |TAMS 0x0000000709400000, 0x0000000709400000| Untracked 
| 131|0x0000000709500000, 0x0000000709500000, 0x0000000709600000|  0%| F|  |TAMS 0x0000000709500000, 0x0000000709500000| Untracked 
| 132|0x0000000709600000, 0x0000000709600000, 0x0000000709700000|  0%| F|  |TAMS 0x0000000709600000, 0x0000000709600000| Untracked 
| 133|0x0000000709700000, 0x0000000709700000, 0x0000000709800000|  0%| F|  |TAMS 0x0000000709700000, 0x0000000709700000| Untracked 
| 134|0x0000000709800000, 0x0000000709800000, 0x0000000709900000|  0%| F|  |TAMS 0x0000000709800000, 0x0000000709800000| Untracked 
| 135|0x0000000709900000, 0x0000000709900000, 0x0000000709a00000|  0%| F|  |TAMS 0x0000000709900000, 0x0000000709900000| Untracked 
| 136|0x0000000709a00000, 0x0000000709a00000, 0x0000000709b00000|  0%| F|  |TAMS 0x0000000709a00000, 0x0000000709a00000| Untracked 
| 137|0x0000000709b00000, 0x0000000709b00000, 0x0000000709c00000|  0%| F|  |TAMS 0x0000000709b00000, 0x0000000709b00000| Untracked 
| 138|0x0000000709c00000, 0x0000000709c00000, 0x0000000709d00000|  0%| F|  |TAMS 0x0000000709c00000, 0x0000000709c00000| Untracked 
| 139|0x0000000709d00000, 0x0000000709d00000, 0x0000000709e00000|  0%| F|  |TAMS 0x0000000709d00000, 0x0000000709d00000| Untracked 
| 140|0x0000000709e00000, 0x0000000709e00000, 0x0000000709f00000|  0%| F|  |TAMS 0x0000000709e00000, 0x0000000709e00000| Untracked 
| 141|0x0000000709f00000, 0x0000000709f00000, 0x000000070a000000|  0%| F|  |TAMS 0x0000000709f00000, 0x0000000709f00000| Untracked 
| 142|0x000000070a000000, 0x000000070a000000, 0x000000070a100000|  0%| F|  |TAMS 0x000000070a000000, 0x000000070a000000| Untracked 
| 143|0x000000070a100000, 0x000000070a100000, 0x000000070a200000|  0%| F|  |TAMS 0x000000070a100000, 0x000000070a100000| Untracked 
| 144|0x000000070a200000, 0x000000070a200000, 0x000000070a300000|  0%| F|  |TAMS 0x000000070a200000, 0x000000070a200000| Untracked 
| 145|0x000000070a300000, 0x000000070a300000, 0x000000070a400000|  0%| F|  |TAMS 0x000000070a300000, 0x000000070a300000| Untracked 
| 146|0x000000070a400000, 0x000000070a400000, 0x000000070a500000|  0%| F|  |TAMS 0x000000070a400000, 0x000000070a400000| Untracked 
| 147|0x000000070a500000, 0x000000070a500000, 0x000000070a600000|  0%| F|  |TAMS 0x000000070a500000, 0x000000070a500000| Untracked 
| 148|0x000000070a600000, 0x000000070a600000, 0x000000070a700000|  0%| F|  |TAMS 0x000000070a600000, 0x000000070a600000| Untracked 
| 149|0x000000070a700000, 0x000000070a700000, 0x000000070a800000|  0%| F|  |TAMS 0x000000070a700000, 0x000000070a700000| Untracked 
| 150|0x000000070a800000, 0x000000070a800000, 0x000000070a900000|  0%| F|  |TAMS 0x000000070a800000, 0x000000070a800000| Untracked 
| 151|0x000000070a900000, 0x000000070a900000, 0x000000070aa00000|  0%| F|  |TAMS 0x000000070a900000, 0x000000070a900000| Untracked 
| 152|0x000000070aa00000, 0x000000070aa00000, 0x000000070ab00000|  0%| F|  |TAMS 0x000000070aa00000, 0x000000070aa00000| Untracked 
| 153|0x000000070ab00000, 0x000000070ab00000, 0x000000070ac00000|  0%| F|  |TAMS 0x000000070ab00000, 0x000000070ab00000| Untracked 
| 154|0x000000070ac00000, 0x000000070ac00000, 0x000000070ad00000|  0%| F|  |TAMS 0x000000070ac00000, 0x000000070ac00000| Untracked 
| 155|0x000000070ad00000, 0x000000070ad00000, 0x000000070ae00000|  0%| F|  |TAMS 0x000000070ad00000, 0x000000070ad00000| Untracked 
| 156|0x000000070ae00000, 0x000000070ae00000, 0x000000070af00000|  0%| F|  |TAMS 0x000000070ae00000, 0x000000070ae00000| Untracked 
| 157|0x000000070af00000, 0x000000070af00000, 0x000000070b000000|  0%| F|  |TAMS 0x000000070af00000, 0x000000070af00000| Untracked 
| 158|0x000000070b000000, 0x000000070b000000, 0x000000070b100000|  0%| F|  |TAMS 0x000000070b000000, 0x000000070b000000| Untracked 
| 159|0x000000070b100000, 0x000000070b100000, 0x000000070b200000|  0%| F|  |TAMS 0x000000070b100000, 0x000000070b100000| Untracked 
| 160|0x000000070b200000, 0x000000070b200000, 0x000000070b300000|  0%| F|  |TAMS 0x000000070b200000, 0x000000070b200000| Untracked 
| 161|0x000000070b300000, 0x000000070b300000, 0x000000070b400000|  0%| F|  |TAMS 0x000000070b300000, 0x000000070b300000| Untracked 
| 162|0x000000070b400000, 0x000000070b400000, 0x000000070b500000|  0%| F|  |TAMS 0x000000070b400000, 0x000000070b400000| Untracked 
| 163|0x000000070b500000, 0x000000070b500000, 0x000000070b600000|  0%| F|  |TAMS 0x000000070b500000, 0x000000070b500000| Untracked 
| 164|0x000000070b600000, 0x000000070b600000, 0x000000070b700000|  0%| F|  |TAMS 0x000000070b600000, 0x000000070b600000| Untracked 
| 165|0x000000070b700000, 0x000000070b700000, 0x000000070b800000|  0%| F|  |TAMS 0x000000070b700000, 0x000000070b700000| Untracked 
| 166|0x000000070b800000, 0x000000070b800000, 0x000000070b900000|  0%| F|  |TAMS 0x000000070b800000, 0x000000070b800000| Untracked 
| 167|0x000000070b900000, 0x000000070b900000, 0x000000070ba00000|  0%| F|  |TAMS 0x000000070b900000, 0x000000070b900000| Untracked 
| 168|0x000000070ba00000, 0x000000070ba00000, 0x000000070bb00000|  0%| F|  |TAMS 0x000000070ba00000, 0x000000070ba00000| Untracked 
| 169|0x000000070bb00000, 0x000000070bb00000, 0x000000070bc00000|  0%| F|  |TAMS 0x000000070bb00000, 0x000000070bb00000| Untracked 
| 170|0x000000070bc00000, 0x000000070bc00000, 0x000000070bd00000|  0%| F|  |TAMS 0x000000070bc00000, 0x000000070bc00000| Untracked 
| 171|0x000000070bd00000, 0x000000070bd00000, 0x000000070be00000|  0%| F|  |TAMS 0x000000070bd00000, 0x000000070bd00000| Untracked 
| 172|0x000000070be00000, 0x000000070be00000, 0x000000070bf00000|  0%| F|  |TAMS 0x000000070be00000, 0x000000070be00000| Untracked 
| 173|0x000000070bf00000, 0x000000070bf00000, 0x000000070c000000|  0%| F|  |TAMS 0x000000070bf00000, 0x000000070bf00000| Untracked 
| 174|0x000000070c000000, 0x000000070c000000, 0x000000070c100000|  0%| F|  |TAMS 0x000000070c000000, 0x000000070c000000| Untracked 
| 175|0x000000070c100000, 0x000000070c100000, 0x000000070c200000|  0%| F|  |TAMS 0x000000070c100000, 0x000000070c100000| Untracked 
| 176|0x000000070c200000, 0x000000070c200000, 0x000000070c300000|  0%| F|  |TAMS 0x000000070c200000, 0x000000070c200000| Untracked 
| 177|0x000000070c300000, 0x000000070c300000, 0x000000070c400000|  0%| F|  |TAMS 0x000000070c300000, 0x000000070c300000| Untracked 
| 178|0x000000070c400000, 0x000000070c400000, 0x000000070c500000|  0%| F|  |TAMS 0x000000070c400000, 0x000000070c400000| Untracked 
| 179|0x000000070c500000, 0x000000070c500000, 0x000000070c600000|  0%| F|  |TAMS 0x000000070c500000, 0x000000070c500000| Untracked 
| 180|0x000000070c600000, 0x000000070c600000, 0x000000070c700000|  0%| F|  |TAMS 0x000000070c600000, 0x000000070c600000| Untracked 
| 181|0x000000070c700000, 0x000000070c700000, 0x000000070c800000|  0%| F|  |TAMS 0x000000070c700000, 0x000000070c700000| Untracked 
| 182|0x000000070c800000, 0x000000070c800000, 0x000000070c900000|  0%| F|  |TAMS 0x000000070c800000, 0x000000070c800000| Untracked 
| 183|0x000000070c900000, 0x000000070c900000, 0x000000070ca00000|  0%| F|  |TAMS 0x000000070c900000, 0x000000070c900000| Untracked 
| 184|0x000000070ca00000, 0x000000070ca00000, 0x000000070cb00000|  0%| F|  |TAMS 0x000000070ca00000, 0x000000070ca00000| Untracked 
| 185|0x000000070cb00000, 0x000000070cb00000, 0x000000070cc00000|  0%| F|  |TAMS 0x000000070cb00000, 0x000000070cb00000| Untracked 
| 186|0x000000070cc00000, 0x000000070cc00000, 0x000000070cd00000|  0%| F|  |TAMS 0x000000070cc00000, 0x000000070cc00000| Untracked 
| 187|0x000000070cd00000, 0x000000070cd00000, 0x000000070ce00000|  0%| F|  |TAMS 0x000000070cd00000, 0x000000070cd00000| Untracked 
| 188|0x000000070ce00000, 0x000000070ce00000, 0x000000070cf00000|  0%| F|  |TAMS 0x000000070ce00000, 0x000000070ce00000| Untracked 
| 189|0x000000070cf00000, 0x000000070cf00000, 0x000000070d000000|  0%| F|  |TAMS 0x000000070cf00000, 0x000000070cf00000| Untracked 
| 190|0x000000070d000000, 0x000000070d000000, 0x000000070d100000|  0%| F|  |TAMS 0x000000070d000000, 0x000000070d000000| Untracked 
| 191|0x000000070d100000, 0x000000070d100000, 0x000000070d200000|  0%| F|  |TAMS 0x000000070d100000, 0x000000070d100000| Untracked 
| 192|0x000000070d200000, 0x000000070d200000, 0x000000070d300000|  0%| F|  |TAMS 0x000000070d200000, 0x000000070d200000| Untracked 
| 193|0x000000070d300000, 0x000000070d300000, 0x000000070d400000|  0%| F|  |TAMS 0x000000070d300000, 0x000000070d300000| Untracked 
| 194|0x000000070d400000, 0x000000070d400000, 0x000000070d500000|  0%| F|  |TAMS 0x000000070d400000, 0x000000070d400000| Untracked 
| 195|0x000000070d500000, 0x000000070d500000, 0x000000070d600000|  0%| F|  |TAMS 0x000000070d500000, 0x000000070d500000| Untracked 
| 196|0x000000070d600000, 0x000000070d600000, 0x000000070d700000|  0%| F|  |TAMS 0x000000070d600000, 0x000000070d600000| Untracked 
| 197|0x000000070d700000, 0x000000070d700000, 0x000000070d800000|  0%| F|  |TAMS 0x000000070d700000, 0x000000070d700000| Untracked 
| 198|0x000000070d800000, 0x000000070d800000, 0x000000070d900000|  0%| F|  |TAMS 0x000000070d800000, 0x000000070d800000| Untracked 
| 199|0x000000070d900000, 0x000000070d900000, 0x000000070da00000|  0%| F|  |TAMS 0x000000070d900000, 0x000000070d900000| Untracked 
| 200|0x000000070da00000, 0x000000070da00000, 0x000000070db00000|  0%| F|  |TAMS 0x000000070da00000, 0x000000070da00000| Untracked 
| 201|0x000000070db00000, 0x000000070db00000, 0x000000070dc00000|  0%| F|  |TAMS 0x000000070db00000, 0x000000070db00000| Untracked 
| 202|0x000000070dc00000, 0x000000070dc00000, 0x000000070dd00000|  0%| F|  |TAMS 0x000000070dc00000, 0x000000070dc00000| Untracked 
| 203|0x000000070dd00000, 0x000000070dd00000, 0x000000070de00000|  0%| F|  |TAMS 0x000000070dd00000, 0x000000070dd00000| Untracked 
| 204|0x000000070de00000, 0x000000070de00000, 0x000000070df00000|  0%| F|  |TAMS 0x000000070de00000, 0x000000070de00000| Untracked 
| 205|0x000000070df00000, 0x000000070df00000, 0x000000070e000000|  0%| F|  |TAMS 0x000000070df00000, 0x000000070df00000| Untracked 
| 206|0x000000070e000000, 0x000000070e000000, 0x000000070e100000|  0%| F|  |TAMS 0x000000070e000000, 0x000000070e000000| Untracked 
| 207|0x000000070e100000, 0x000000070e100000, 0x000000070e200000|  0%| F|  |TAMS 0x000000070e100000, 0x000000070e100000| Untracked 
| 208|0x000000070e200000, 0x000000070e200000, 0x000000070e300000|  0%| F|  |TAMS 0x000000070e200000, 0x000000070e200000| Untracked 
| 209|0x000000070e300000, 0x000000070e300000, 0x000000070e400000|  0%| F|  |TAMS 0x000000070e300000, 0x000000070e300000| Untracked 
| 210|0x000000070e400000, 0x000000070e400000, 0x000000070e500000|  0%| F|  |TAMS 0x000000070e400000, 0x000000070e400000| Untracked 
| 211|0x000000070e500000, 0x000000070e500000, 0x000000070e600000|  0%| F|  |TAMS 0x000000070e500000, 0x000000070e500000| Untracked 
| 212|0x000000070e600000, 0x000000070e600000, 0x000000070e700000|  0%| F|  |TAMS 0x000000070e600000, 0x000000070e600000| Untracked 
| 213|0x000000070e700000, 0x000000070e700000, 0x000000070e800000|  0%| F|  |TAMS 0x000000070e700000, 0x000000070e700000| Untracked 
| 214|0x000000070e800000, 0x000000070e800000, 0x000000070e900000|  0%| F|  |TAMS 0x000000070e800000, 0x000000070e800000| Untracked 
| 215|0x000000070e900000, 0x000000070e900000, 0x000000070ea00000|  0%| F|  |TAMS 0x000000070e900000, 0x000000070e900000| Untracked 
| 216|0x000000070ea00000, 0x000000070ea00000, 0x000000070eb00000|  0%| F|  |TAMS 0x000000070ea00000, 0x000000070ea00000| Untracked 
| 217|0x000000070eb00000, 0x000000070eb00000, 0x000000070ec00000|  0%| F|  |TAMS 0x000000070eb00000, 0x000000070eb00000| Untracked 
| 218|0x000000070ec00000, 0x000000070ec00000, 0x000000070ed00000|  0%| F|  |TAMS 0x000000070ec00000, 0x000000070ec00000| Untracked 
| 219|0x000000070ed00000, 0x000000070ed00000, 0x000000070ee00000|  0%| F|  |TAMS 0x000000070ed00000, 0x000000070ed00000| Untracked 
| 220|0x000000070ee00000, 0x000000070ee00000, 0x000000070ef00000|  0%| F|  |TAMS 0x000000070ee00000, 0x000000070ee00000| Untracked 
| 221|0x000000070ef00000, 0x000000070ef00000, 0x000000070f000000|  0%| F|  |TAMS 0x000000070ef00000, 0x000000070ef00000| Untracked 
| 222|0x000000070f000000, 0x000000070f000000, 0x000000070f100000|  0%| F|  |TAMS 0x000000070f000000, 0x000000070f000000| Untracked 
| 223|0x000000070f100000, 0x000000070f100000, 0x000000070f200000|  0%| F|  |TAMS 0x000000070f100000, 0x000000070f100000| Untracked 
| 224|0x000000070f200000, 0x000000070f200000, 0x000000070f300000|  0%| F|  |TAMS 0x000000070f200000, 0x000000070f200000| Untracked 
| 225|0x000000070f300000, 0x000000070f300000, 0x000000070f400000|  0%| F|  |TAMS 0x000000070f300000, 0x000000070f300000| Untracked 
| 226|0x000000070f400000, 0x000000070f400000, 0x000000070f500000|  0%| F|  |TAMS 0x000000070f400000, 0x000000070f400000| Untracked 
| 227|0x000000070f500000, 0x000000070f500000, 0x000000070f600000|  0%| F|  |TAMS 0x000000070f500000, 0x000000070f500000| Untracked 
| 228|0x000000070f600000, 0x000000070f600000, 0x000000070f700000|  0%| F|  |TAMS 0x000000070f600000, 0x000000070f600000| Untracked 
| 229|0x000000070f700000, 0x000000070f700000, 0x000000070f800000|  0%| F|  |TAMS 0x000000070f700000, 0x000000070f700000| Untracked 
| 230|0x000000070f800000, 0x000000070f800000, 0x000000070f900000|  0%| F|  |TAMS 0x000000070f800000, 0x000000070f800000| Untracked 
| 231|0x000000070f900000, 0x000000070f900000, 0x000000070fa00000|  0%| F|  |TAMS 0x000000070f900000, 0x000000070f900000| Untracked 
| 232|0x000000070fa00000, 0x000000070fa00000, 0x000000070fb00000|  0%| F|  |TAMS 0x000000070fa00000, 0x000000070fa00000| Untracked 
| 233|0x000000070fb00000, 0x000000070fb00000, 0x000000070fc00000|  0%| F|  |TAMS 0x000000070fb00000, 0x000000070fb00000| Untracked 
| 234|0x000000070fc00000, 0x000000070fc00000, 0x000000070fd00000|  0%| F|  |TAMS 0x000000070fc00000, 0x000000070fc00000| Untracked 
| 235|0x000000070fd00000, 0x000000070fd00000, 0x000000070fe00000|  0%| F|  |TAMS 0x000000070fd00000, 0x000000070fd00000| Untracked 
| 236|0x000000070fe00000, 0x000000070fe00000, 0x000000070ff00000|  0%| F|  |TAMS 0x000000070fe00000, 0x000000070fe00000| Untracked 
| 237|0x000000070ff00000, 0x000000070ff00000, 0x0000000710000000|  0%| F|  |TAMS 0x000000070ff00000, 0x000000070ff00000| Untracked 
| 238|0x0000000710000000, 0x0000000710000000, 0x0000000710100000|  0%| F|  |TAMS 0x0000000710000000, 0x0000000710000000| Untracked 
| 239|0x0000000710100000, 0x0000000710100000, 0x0000000710200000|  0%| F|  |TAMS 0x0000000710100000, 0x0000000710100000| Untracked 
| 240|0x0000000710200000, 0x0000000710200000, 0x0000000710300000|  0%| F|  |TAMS 0x0000000710200000, 0x0000000710200000| Untracked 
| 241|0x0000000710300000, 0x0000000710300000, 0x0000000710400000|  0%| F|  |TAMS 0x0000000710300000, 0x0000000710300000| Untracked 
| 242|0x0000000710400000, 0x0000000710400000, 0x0000000710500000|  0%| F|  |TAMS 0x0000000710400000, 0x0000000710400000| Untracked 
| 243|0x0000000710500000, 0x0000000710500000, 0x0000000710600000|  0%| F|  |TAMS 0x0000000710500000, 0x0000000710500000| Untracked 
| 244|0x0000000710600000, 0x0000000710600000, 0x0000000710700000|  0%| F|  |TAMS 0x0000000710600000, 0x0000000710600000| Untracked 
| 245|0x0000000710700000, 0x0000000710700000, 0x0000000710800000|  0%| F|  |TAMS 0x0000000710700000, 0x0000000710700000| Untracked 
| 246|0x0000000710800000, 0x0000000710800000, 0x0000000710900000|  0%| F|  |TAMS 0x0000000710800000, 0x0000000710800000| Untracked 
| 247|0x0000000710900000, 0x0000000710900000, 0x0000000710a00000|  0%| F|  |TAMS 0x0000000710900000, 0x0000000710900000| Untracked 
| 248|0x0000000710a00000, 0x0000000710a00000, 0x0000000710b00000|  0%| F|  |TAMS 0x0000000710a00000, 0x0000000710a00000| Untracked 
| 249|0x0000000710b00000, 0x0000000710b00000, 0x0000000710c00000|  0%| F|  |TAMS 0x0000000710b00000, 0x0000000710b00000| Untracked 
| 250|0x0000000710c00000, 0x0000000710c00000, 0x0000000710d00000|  0%| F|  |TAMS 0x0000000710c00000, 0x0000000710c00000| Untracked 
| 251|0x0000000710d00000, 0x0000000710e00000, 0x0000000710e00000|100%| E|  |TAMS 0x0000000710d00000, 0x0000000710d00000| Complete 
| 252|0x0000000710e00000, 0x0000000710f00000, 0x0000000710f00000|100%| E|CS|TAMS 0x0000000710e00000, 0x0000000710e00000| Complete 
| 253|0x0000000710f00000, 0x0000000711000000, 0x0000000711000000|100%| E|CS|TAMS 0x0000000710f00000, 0x0000000710f00000| Complete 
| 254|0x0000000711000000, 0x0000000711100000, 0x0000000711100000|100%| E|CS|TAMS 0x0000000711000000, 0x0000000711000000| Complete 
| 255|0x0000000711100000, 0x0000000711200000, 0x0000000711200000|100%| E|CS|TAMS 0x0000000711100000, 0x0000000711100000| Complete 

Card table byte_map: [0x00000256e9dd0000,0x00000256ea5d0000] _byte_map_base: 0x00000256e65c7000

Marking Bits (Prev, Next): (CMBitMap*) 0x00000256d1db2878, (CMBitMap*) 0x00000256d1db28b0
 Prev Bits: [0x00000256eadd0000, 0x00000256eed88000)
 Next Bits: [0x00000256eed90000, 0x00000256f2d48000)

Polling page: 0x00000256cfa80000

Metaspace:

Usage:
  Non-class:      6.07 MB capacity,     5.97 MB ( 98%) used,    96.05 KB (  2%) free+waste,     4.31 KB ( <1%) overhead. 
      Class:    640.00 KB capacity,   572.35 KB ( 89%) used,    65.71 KB ( 10%) free+waste,     1.94 KB ( <1%) overhead. 
       Both:      6.69 MB capacity,     6.53 MB ( 98%) used,   161.77 KB (  2%) free+waste,     6.25 KB ( <1%) overhead. 

Virtual space:
  Non-class space:        8.00 MB reserved,       6.25 MB ( 78%) committed 
      Class space:        1.00 GB reserved,     640.00 KB ( <1%) committed 
             Both:        1.01 GB reserved,       6.88 MB ( <1%) committed 

Chunk freelists:
   Non-Class:  7.38 KB
       Class:  0 bytes
        Both:  7.38 KB

CodeHeap 'non-profiled nmethods': size=120000Kb used=119Kb max_used=119Kb free=119880Kb
 bounds [0x00000256e1b40000, 0x00000256e1db0000, 0x00000256e9070000]
CodeHeap 'profiled nmethods': size=120000Kb used=466Kb max_used=466Kb free=119533Kb
 bounds [0x00000256da610000, 0x00000256da880000, 0x00000256e1b40000]
CodeHeap 'non-nmethods': size=5760Kb used=1137Kb max_used=1162Kb free=4622Kb
 bounds [0x00000256da070000, 0x00000256da2e0000, 0x00000256da610000]
 total_blobs=795 nmethods=341 adapters=251
 compilation: enabled
              stopped_count=0, restarted_count=0
 full_count=0

Compilation events (10 events):
Event: 0.212 Thread 0x00000256f63b8800  336       3       java.util.concurrent.ConcurrentHashMap::spread (10 bytes)
Event: 0.212 Thread 0x00000256f63b8800 nmethod 336 0x00000256da683810 code [0x00000256da6839c0, 0x00000256da683b18]
Event: 0.212 Thread 0x00000256f63b8800  339       3       java.nio.ByteBuffer::position (8 bytes)
Event: 0.212 Thread 0x00000256f63b8800 nmethod 339 0x00000256da683b90 code [0x00000256da683d40, 0x00000256da683ef0]
Event: 0.212 Thread 0x00000256f63b8800  338       3       java.lang.String::<init> (74 bytes)
Event: 0.212 Thread 0x00000256f63b8800 nmethod 338 0x00000256da683f90 code [0x00000256da6841a0, 0x00000256da6848a0]
Event: 0.212 Thread 0x00000256f63b8800  340       1       java.net.URL::getAuthority (5 bytes)
Event: 0.212 Thread 0x00000256f63b8800 nmethod 340 0x00000256e1b5d710 code [0x00000256e1b5d8c0, 0x00000256e1b5d9d8]
Event: 0.212 Thread 0x00000256f63b8800  341       1       java.net.URL::getQuery (5 bytes)
Event: 0.212 Thread 0x00000256f63b8800 nmethod 341 0x00000256e1b5da90 code [0x00000256e1b5dc40, 0x00000256e1b5dd58]

GC Heap History (0 events):
No events

Deoptimization events (7 events):
Event: 0.140 Thread 0x00000256d1d52800 Uncommon trap: reason=class_check action=maybe_recompile pc=0x00000256e1b4e8fc method=java.util.HashMap.putVal(ILjava/lang/Object;Ljava/lang/Object;ZZ)Ljava/lang/Object; @ 152 c2
Event: 0.147 Thread 0x00000256d1d52800 Uncommon trap: reason=unstable_if action=reinterpret pc=0x00000256e1b4567c method=java.lang.String.isLatin1()Z @ 10 c2
Event: 0.158 Thread 0x00000256d1d52800 Uncommon trap: reason=class_check action=maybe_recompile pc=0x00000256e1b4e8fc method=java.util.HashMap.putVal(ILjava/lang/Object;Ljava/lang/Object;ZZ)Ljava/lang/Object; @ 152 c2
Event: 0.158 Thread 0x00000256d1d52800 Uncommon trap: reason=class_check action=maybe_recompile pc=0x00000256e1b4e8fc method=java.util.HashMap.putVal(ILjava/lang/Object;Ljava/lang/Object;ZZ)Ljava/lang/Object; @ 152 c2
Event: 0.158 Thread 0x00000256d1d52800 Uncommon trap: reason=class_check action=maybe_recompile pc=0x00000256e1b4e8fc method=java.util.HashMap.putVal(ILjava/lang/Object;Ljava/lang/Object;ZZ)Ljava/lang/Object; @ 152 c2
Event: 0.187 Thread 0x00000256d1d52800 Uncommon trap: reason=unstable_if action=reinterpret pc=0x00000256e1b576ac method=java.util.HashMap.putVal(ILjava/lang/Object;Ljava/lang/Object;ZZ)Ljava/lang/Object; @ 181 c2
Event: 0.200 Thread 0x00000256d1d52800 Uncommon trap: reason=unstable_if action=reinterpret pc=0x00000256e1b41cfc method=java.lang.String.isLatin1()Z @ 10 c2

Classes redefined (2 events):
Event: 43.852 Thread 0x00000256f5afa000 redefined class name=ClientMain, count=1
Event: 72.432 Thread 0x00000256f5afa000 redefined class name=ClientMain, count=2

Internal exceptions (10 events):
Event: 0.159 Thread 0x00000256d1d52800 Exception <a 'java/security/PrivilegedActionException'{0x0000000710f114f0}> (0x0000000710f114f0) thrown at [t:/workspace/open/src/hotspot/share/prims/jvm.cpp, line 1308]
Event: 0.159 Thread 0x00000256d1d52800 Exception <a 'java/security/PrivilegedActionException'{0x0000000710f117c0}> (0x0000000710f117c0) thrown at [t:/workspace/open/src/hotspot/share/prims/jvm.cpp, line 1308]
Event: 0.159 Thread 0x00000256d1d52800 Exception <a 'java/security/PrivilegedActionException'{0x0000000710f122a8}> (0x0000000710f122a8) thrown at [t:/workspace/open/src/hotspot/share/prims/jvm.cpp, line 1308]
Event: 0.159 Thread 0x00000256d1d52800 Exception <a 'java/security/PrivilegedActionException'{0x0000000710f12578}> (0x0000000710f12578) thrown at [t:/workspace/open/src/hotspot/share/prims/jvm.cpp, line 1308]
Event: 0.159 Thread 0x00000256d1d52800 Exception <a 'java/security/PrivilegedActionException'{0x0000000710f130b8}> (0x0000000710f130b8) thrown at [t:/workspace/open/src/hotspot/share/prims/jvm.cpp, line 1308]
Event: 0.159 Thread 0x00000256d1d52800 Exception <a 'java/security/PrivilegedActionException'{0x0000000710f13388}> (0x0000000710f13388) thrown at [t:/workspace/open/src/hotspot/share/prims/jvm.cpp, line 1308]
Event: 0.159 Thread 0x00000256d1d52800 Exception <a 'java/security/PrivilegedActionException'{0x0000000710f13e78}> (0x0000000710f13e78) thrown at [t:/workspace/open/src/hotspot/share/prims/jvm.cpp, line 1308]
Event: 0.159 Thread 0x00000256d1d52800 Exception <a 'java/security/PrivilegedActionException'{0x0000000710f14148}> (0x0000000710f14148) thrown at [t:/workspace/open/src/hotspot/share/prims/jvm.cpp, line 1308]
Event: 0.167 Thread 0x00000256d1d52800 Exception <a 'java/security/PrivilegedActionException'{0x0000000710fb6100}> (0x0000000710fb6100) thrown at [t:/workspace/open/src/hotspot/share/prims/jvm.cpp, line 1308]
Event: 0.167 Thread 0x00000256d1d52800 Exception <a 'java/security/PrivilegedActionException'{0x0000000710fb63d0}> (0x0000000710fb63d0) thrown at [t:/workspace/open/src/hotspot/share/prims/jvm.cpp, line 1308]

Events (10 events):
Event: 72.432 Executing VM operation: RedefineClasses done
Event: 72.432 Executing VM operation: GetFrameCount
Event: 72.433 Executing VM operation: GetFrameCount done
Event: 72.433 Executing VM operation: GetFrameCount
Event: 72.433 Executing VM operation: GetFrameCount done
Event: 72.433 Executing VM operation: GetStackTrace
Event: 72.433 Executing VM operation: GetStackTrace done
Event: 72.454 Executing VM operation: ChangeBreakpoints
Event: 72.454 Executing VM operation: ChangeBreakpoints done
Event: 72.468 Executing VM operation: GetOrSetLocal


Dynamic libraries:
0x00007ff70d1e0000 - 0x00007ff70d227000 	C:\Program Files\Java\jdk-11.0.1\bin\java.exe
0x00007fff26b60000 - 0x00007fff26d41000 	C:\Windows\SYSTEM32\ntdll.dll
0x00007fff25950000 - 0x00007fff25a02000 	C:\Windows\System32\KERNEL32.DLL
0x00007fff23a90000 - 0x00007fff23d03000 	C:\Windows\System32\KERNELBASE.dll
0x00007fff258a0000 - 0x00007fff25941000 	C:\Windows\System32\ADVAPI32.dll
0x00007fff24100000 - 0x00007fff2419e000 	C:\Windows\System32\msvcrt.dll
0x00007fff25a10000 - 0x00007fff25a6b000 	C:\Windows\System32\sechost.dll
0x00007fff26100000 - 0x00007fff26224000 	C:\Windows\System32\RPCRT4.dll
0x00007fff242c0000 - 0x00007fff24450000 	C:\Windows\System32\USER32.dll
0x00007fff23300000 - 0x00007fff23320000 	C:\Windows\System32\win32u.dll
0x00007fff26870000 - 0x00007fff26898000 	C:\Windows\System32\GDI32.dll
0x00007fff22f30000 - 0x00007fff230c2000 	C:\Windows\System32\gdi32full.dll
0x00007fff23f50000 - 0x00007fff23fef000 	C:\Windows\System32\msvcp_win.dll
0x00007fff230d0000 - 0x00007fff231ca000 	C:\Windows\System32\ucrtbase.dll
0x00007fff164e0000 - 0x00007fff16749000 	C:\Windows\WinSxS\amd64_microsoft.windows.common-controls_6595b64144ccf1df_6.0.17134.345_none_fb429a5930656358\COMCTL32.dll
0x00007fff1bfe0000 - 0x00007fff1bfea000 	C:\Windows\SYSTEM32\VERSION.dll
0x00007fff26240000 - 0x00007fff26563000 	C:\Windows\System32\combase.dll
0x00007fff23280000 - 0x00007fff232fa000 	C:\Windows\System32\bcryptPrimitives.dll
0x00007fff240d0000 - 0x00007fff240fd000 	C:\Windows\System32\IMM32.DLL
0x00007fff1f8e0000 - 0x00007fff1f8f6000 	C:\Program Files\Java\jdk-11.0.1\bin\vcruntime140.dll
0x00007fff138b0000 - 0x00007fff1395a000 	C:\Program Files\Java\jdk-11.0.1\bin\msvcp140.dll
0x00007ffef10d0000 - 0x00007ffef1c12000 	C:\Program Files\Java\jdk-11.0.1\bin\server\jvm.dll
0x00007fff26230000 - 0x00007fff26238000 	C:\Windows\System32\PSAPI.DLL
0x00007fff20ff0000 - 0x00007fff21013000 	C:\Windows\SYSTEM32\WINMM.dll
0x00007fff1d670000 - 0x00007fff1d679000 	C:\Windows\SYSTEM32\WSOCK32.dll
0x00007fff241a0000 - 0x00007fff2420c000 	C:\Windows\System32\WS2_32.dll
0x00007fff20b90000 - 0x00007fff20bba000 	C:\Windows\SYSTEM32\winmmbase.dll
0x00007fff23d10000 - 0x00007fff23d59000 	C:\Windows\System32\cfgmgr32.dll
0x00007fff22f00000 - 0x00007fff22f11000 	C:\Windows\System32\kernel.appcore.dll
0x00007fff1f8b0000 - 0x00007fff1f8c1000 	C:\Program Files\Java\jdk-11.0.1\bin\verify.dll
0x00007fff157a0000 - 0x00007fff15969000 	C:\Windows\SYSTEM32\DBGHELP.DLL
0x00007fff154a0000 - 0x00007fff154c9000 	C:\Windows\SYSTEM32\dbgcore.DLL
0x00007fff1f880000 - 0x00007fff1f8a9000 	C:\Program Files\Java\jdk-11.0.1\bin\java.dll
0x00007fff17770000 - 0x00007fff177a7000 	C:\Program Files\Java\jdk-11.0.1\bin\jdwp.dll
0x00007fff1b690000 - 0x00007fff1b6bf000 	C:\Program Files\Java\jdk-11.0.1\bin\instrument.dll
0x00007fff1f850000 - 0x00007fff1f866000 	C:\Program Files\Java\jdk-11.0.1\bin\zip.dll
0x00007fff1f800000 - 0x00007fff1f80a000 	C:\Program Files\Java\jdk-11.0.1\bin\jimage.dll
0x00007fff24460000 - 0x00007fff2589f000 	C:\Windows\System32\SHELL32.dll
0x00007fff24210000 - 0x00007fff242b9000 	C:\Windows\System32\shcore.dll
0x00007fff23380000 - 0x00007fff23a8d000 	C:\Windows\System32\windows.storage.dll
0x00007fff26810000 - 0x00007fff26861000 	C:\Windows\System32\shlwapi.dll
0x00007fff22ee0000 - 0x00007fff22eff000 	C:\Windows\System32\profapi.dll
0x00007fff22e90000 - 0x00007fff22edc000 	C:\Windows\System32\powrprof.dll
0x00007fff22f20000 - 0x00007fff22f2a000 	C:\Windows\System32\FLTLIB.DLL
0x00007fff1f7d0000 - 0x00007fff1f7da000 	C:\Program Files\Java\jdk-11.0.1\bin\dt_socket.dll
0x00007fff22690000 - 0x00007fff226f6000 	C:\Windows\system32\mswsock.dll
0x00007fff1d740000 - 0x00007fff1d759000 	C:\Program Files\Java\jdk-11.0.1\bin\net.dll
0x00007fff1dcc0000 - 0x00007fff1dd9c000 	C:\Windows\SYSTEM32\WINHTTP.dll
0x00007fff1c2e0000 - 0x00007fff1c2f3000 	C:\Program Files\Java\jdk-11.0.1\bin\nio.dll

dbghelp: loaded successfully - version: 4.0.5 - missing functions: none
symbol engine: initialized successfully - sym options: 0x614 - pdb path: .;C:\Program Files\Java\jdk-11.0.1\bin;C:\Windows\SYSTEM32;C:\Windows\WinSxS\amd64_microsoft.windows.common-controls_6595b64144ccf1df_6.0.17134.345_none_fb429a5930656358;C:\Program Files\Java\jdk-11.0.1\bin\server

VM Arguments:
jvm_args: -agentlib:jdwp=transport=dt_socket,address=127.0.0.1:52847,suspend=y,server=n -javaagent:C:\Users\YUNFEN~1\AppData\Local\Temp\captureAgent765jars\debugger-agent.jar=file:/C:/Users/YUNFEN~1/AppData/Local/Temp/capture.props -Dfile.encoding=UTF-8 
java_command: ClientMain
java_class_path (initial): M:\OneDrive\neu\CS6650\FirstREST\target\classes;M:\OneDrive\neu\CS6650\FirstREST\lib\gmbal-api-only.jar;M:\OneDrive\neu\CS6650\FirstREST\lib\ha-api.jar;M:\OneDrive\neu\CS6650\FirstREST\lib\jaxws-api.jar;M:\OneDrive\neu\CS6650\FirstREST\lib\FastInoset.jar;M:\OneDrive\neu\CS6650\FirstREST\lib\javax.annotation.jar;M:\OneDrive\neu\CS6650\FirstREST\lib\jaxb-api.jar;M:\OneDrive\neu\CS6650\FirstREST\lib\jsr181-api.jar;M:\OneDrive\neu\CS6650\FirstREST\lib\mimepull.jar;M:\OneDrive\neu\CS6650\FirstREST\lib\management-api.jar;M:\OneDrive\neu\CS6650\FirstREST\lib\saaj-api.jar;M:\OneDrive\neu\CS6650\FirstREST\lib\mail.jar;M:\OneDrive\neu\CS6650\FirstREST\lib\jaxws-tools.jar;M:\OneDrive\neu\CS6650\FirstREST\lib\policy.jar;M:\OneDrive\neu\CS6650\FirstREST\lib\jaxb-impl.jar;M:\OneDrive\neu\CS6650\FirstREST\lib\saaj-impl.jar;M:\OneDrive\neu\CS6650\FirstREST\lib\stax-ex.jar;M:\OneDrive\neu\CS6650\FirstREST\lib\jaxb-xjc.jar;M:\OneDrive\neu\CS6650\FirstREST\lib\stax2-api.jar;M:\OneDrive\neu\CS6650\FirstREST\lib\streambuffer.jar;M:\OneDrive\neu\CS6650\FirstREST\lib\jaxws-rt.jar;M:\OneDrive\neu\CS6650\FirstREST\lib\woodstox-core-asl.jar;C:\Users\Yunfeng Yue\.m2\repository\javax\ws\rs\javax.ws.rs-api\2.1\javax.ws.rs-api-2.1.jar;C:\Users\Yunfeng Yue\.m2\repository\org\glassfish\jersey\core\jersey-client\2.25.1\jersey-client-2.25.1.jar;C:\Users\Yunfeng Yue\.m2\repository\org\glassfish\jersey\core\jersey-common\2.25.1\jersey-common-2.25.1.jar;C:\Users\Yunfeng Yue\.m2\repository\javax\annotation\javax.annotation-api\1.2\javax.annotation-api-1.2.jar;C:\Users\Yunfeng Yue\.m2\repository\org\glassfish\jersey\bundles\repackaged\jersey-guava\2.25.1\jersey-guava-2.25.1.jar;C:\Users\Yunfeng Yue\.m2\repository\org\glassfish\hk2\osgi-resource-locator\1.0.1\osgi-resource-locator-1.0.1.jar;C:\Users\Yunfeng Yue\.m2\repository\org\glassfish\hk2\hk2-api\2.5.0-b32\hk2-api-2.5.0-b32.jar;C:\Users\Yunfeng Yue\.m2\repository\org\glassfish\hk2\hk2-utils\2.5.0-b32\hk2-utils-2.5.0-b32.j
Launcher Type: SUN_STANDARD

[Global flags]
     intx CICompilerCount                          = 4                                         {product} {ergonomic}
     uint ConcGCThreads                            = 3                                         {product} {ergonomic}
     uint G1ConcRefinementThreads                  = 10                                        {product} {ergonomic}
   size_t G1HeapRegionSize                         = 1048576                                   {product} {ergonomic}
    uintx GCDrainStackTargetSize                   = 64                                        {product} {ergonomic}
   size_t InitialHeapSize                          = 268435456                                 {product} {ergonomic}
   size_t MarkStackSize                            = 4194304                                   {product} {ergonomic}
   size_t MaxHeapSize                              = 4276092928                                {product} {ergonomic}
   size_t MaxNewSize                               = 2564816896                                {product} {ergonomic}
   size_t MinHeapDeltaBytes                        = 1048576                                   {product} {ergonomic}
    uintx NonNMethodCodeHeapSize                   = 5835340                                {pd product} {ergonomic}
    uintx NonProfiledCodeHeapSize                  = 122911450                              {pd product} {ergonomic}
    uintx ProfiledCodeHeapSize                     = 122911450                              {pd product} {ergonomic}
    uintx ReservedCodeCacheSize                    = 251658240                              {pd product} {ergonomic}
     bool SegmentedCodeCache                       = true                                      {product} {ergonomic}
     bool UseCompressedClassPointers               = true                                 {lp64_product} {ergonomic}
     bool UseCompressedOops                        = true                                 {lp64_product} {ergonomic}
     bool UseG1GC                                  = true                                      {product} {ergonomic}
     bool UseLargePagesIndividualAllocation        = false                                  {pd product} {ergonomic}

Logging:
Log output configuration:
 #0: stdout all=warning uptime,level,tags
 #1: stderr all=off uptime,level,tags

Environment Variables:
PATH=C:\Program Files (x86)\Intel\Intel(R) Management Engine Components\iCLS\;C:\Program Files\Intel\Intel(R) Management Engine Components\iCLS\;C:\Windows\system32;C:\Windows;C:\Windows\System32\Wbem;C:\Windows\System32\WindowsPowerShell\v1.0\;C:\Windows\System32\OpenSSH\;C:\Program Files (x86)\Intel\Intel(R) Management Engine Components\DAL;C:\Program Files\Intel\Intel(R) Management Engine Components\DAL;C:\Program Files (x86)\Intel\Intel(R) Management Engine Components\IPT;C:\Program Files\Intel\Intel(R) Management Engine Components\IPT;C:\Program Files\Java\jdk-11.0.1\bin;D:\Git\cmd;D:\Git\mingw64\bin;D:\Git\usr\bin;S:\Putty\;C:\Users\Yunfeng Yue\AppData\Local\Microsoft\WindowsApps;D:\Git\bin;
USERNAME=Yunfeng Yue
OS=Windows_NT
PROCESSOR_IDENTIFIER=Intel64 Family 6 Model 158 Stepping 10, GenuineIntel



---------------  S Y S T E M  ---------------

OS: Windows 10 , 64 bit Build 17134 (10.0.17134.1)

CPU:total 12 (initial active 12) (6 cores per cpu, 2 threads per core) family 6 model 158 stepping 10, cmov, cx8, fxsr, mmx, sse, sse2, sse3, ssse3, sse4.1, sse4.2, popcnt, avx, avx2, aes, clmul, erms, rtm, 3dnowpref, lzcnt, ht, tsc, tscinvbit, bmi1, bmi2, adx, fma

Memory: 4k page, system-wide physical 16308M (7260M free)
TotalPageFile size 21290M (AvailPageFile size 4010M)
current process WorkingSet (physical memory assigned to process): 46M, peak: 48M
current process commit charge ("private bytes"): 348M, peak: 349M

vm_info: Java HotSpot(TM) 64-Bit Server VM (11.0.1+13-LTS) for windows-amd64 JRE (11.0.1+13-LTS), built on Oct  6 2018 13:20:16 by "mach5one" with MS VC++ 15.5 (VS2017)

END.
